<?xml version="1.0" encoding="UTF-8"?>
<coverage generated="1701430910973" clover="3.2.0">
  <project timestamp="1701430910973" name="All files">
    <metrics statements="73" coveredstatements="71" conditionals="23" coveredconditionals="23" methods="25" coveredmethods="25" elements="121" coveredelements="119" complexity="0" loc="73" ncloc="73" packages="1" files="5" classes="5"/>
    <file name="Choices.js" path="C:\Users\tease\OneDrive\Dokument\Svenskt Universitet\Linneaus University\1DV609 - Testing\TDD-A1pt2\Rock_paper_scissors\src\Choices.js">
      <metrics statements="9" coveredstatements="9" conditionals="6" coveredconditionals="6" methods="2" coveredmethods="2"/>
      <line num="4" count="12" type="stmt"/>
      <line num="8" count="9" type="cond" truecount="2" falsecount="0"/>
      <line num="9" count="3" type="stmt"/>
      <line num="11" count="6" type="stmt"/>
      <line num="16" count="6" type="cond" truecount="2" falsecount="0"/>
      <line num="17" count="3" type="stmt"/>
      <line num="18" count="3" type="cond" truecount="2" falsecount="0"/>
      <line num="19" count="2" type="stmt"/>
      <line num="21" count="1" type="stmt"/>
    </file>
    <file name="Game.js" path="C:\Users\tease\OneDrive\Dokument\Svenskt Universitet\Linneaus University\1DV609 - Testing\TDD-A1pt2\Rock_paper_scissors\src\Game.js">
      <metrics statements="33" coveredstatements="31" conditionals="6" coveredconditionals="6" methods="8" coveredmethods="8"/>
      <line num="7" count="20" type="stmt"/>
      <line num="12" count="2" type="stmt"/>
      <line num="13" count="2" type="stmt"/>
      <line num="14" count="2" type="stmt"/>
      <line num="15" count="2" type="stmt"/>
      <line num="16" count="2" type="stmt"/>
      <line num="18" count="0" type="stmt"/>
      <line num="24" count="3" type="stmt"/>
      <line num="25" count="3" type="cond" truecount="2" falsecount="0"/>
      <line num="26" count="1" type="stmt"/>
      <line num="28" count="2" type="stmt"/>
      <line num="29" count="2" type="stmt"/>
      <line num="30" count="2" type="stmt"/>
      <line num="31" count="2" type="stmt"/>
      <line num="32" count="2" type="stmt"/>
      <line num="33" count="2" type="stmt"/>
      <line num="34" count="2" type="stmt"/>
      <line num="35" count="2" type="stmt"/>
      <line num="37" count="0" type="stmt"/>
      <line num="52" count="15" type="stmt"/>
      <line num="56" count="14" type="stmt"/>
      <line num="76" count="3" type="stmt"/>
      <line num="80" count="3" type="stmt"/>
      <line num="81" count="3" type="stmt"/>
      <line num="82" count="3" type="stmt"/>
      <line num="86" count="11" type="stmt"/>
      <line num="87" count="11" type="stmt"/>
      <line num="88" count="11" type="stmt"/>
      <line num="89" count="11" type="cond" truecount="2" falsecount="0"/>
      <line num="90" count="5" type="stmt"/>
      <line num="91" count="6" type="cond" truecount="2" falsecount="0"/>
      <line num="92" count="3" type="stmt"/>
      <line num="94" count="3" type="stmt"/>
    </file>
    <file name="Player.js" path="C:\Users\tease\OneDrive\Dokument\Svenskt Universitet\Linneaus University\1DV609 - Testing\TDD-A1pt2\Rock_paper_scissors\src\Player.js">
      <metrics statements="3" coveredstatements="3" conditionals="0" coveredconditionals="0" methods="2" coveredmethods="2"/>
      <line num="4" count="33" type="stmt"/>
      <line num="5" count="33" type="stmt"/>
      <line num="9" count="26" type="stmt"/>
    </file>
    <file name="Ui.js" path="C:\Users\tease\OneDrive\Dokument\Svenskt Universitet\Linneaus University\1DV609 - Testing\TDD-A1pt2\Rock_paper_scissors\src\Ui.js">
      <metrics statements="26" coveredstatements="26" conditionals="11" coveredconditionals="11" methods="13" coveredmethods="13"/>
      <line num="5" count="6" type="stmt"/>
      <line num="10" count="6" type="stmt"/>
      <line num="11" count="6" type="stmt"/>
      <line num="12" count="6" type="stmt"/>
      <line num="13" count="6" type="stmt"/>
      <line num="19" count="3" type="stmt"/>
      <line num="20" count="3" type="cond" truecount="2" falsecount="0"/>
      <line num="21" count="1" type="stmt"/>
      <line num="23" count="2" type="stmt"/>
      <line num="28" count="1" type="stmt"/>
      <line num="32" count="1" type="stmt"/>
      <line num="33" count="1" type="stmt"/>
      <line num="34" count="1" type="stmt"/>
      <line num="35" count="1" type="stmt"/>
      <line num="40" count="2" type="cond" truecount="5" falsecount="0"/>
      <line num="41" count="1" type="stmt"/>
      <line num="46" count="1" type="stmt"/>
      <line num="50" count="1" type="stmt"/>
      <line num="51" count="1" type="stmt"/>
      <line num="52" count="1" type="stmt"/>
      <line num="57" count="5" type="cond" truecount="2" falsecount="0"/>
      <line num="58" count="2" type="stmt"/>
      <line num="59" count="3" type="cond" truecount="2" falsecount="0"/>
      <line num="60" count="1" type="stmt"/>
      <line num="62" count="2" type="stmt"/>
      <line num="67" count="1" type="stmt"/>
    </file>
    <file name="index.js" path="C:\Users\tease\OneDrive\Dokument\Svenskt Universitet\Linneaus University\1DV609 - Testing\TDD-A1pt2\Rock_paper_scissors\src\index.js">
      <metrics statements="2" coveredstatements="2" conditionals="0" coveredconditionals="0" methods="0" coveredmethods="0"/>
      <line num="3" count="1" type="stmt"/>
      <line num="4" count="1" type="stmt"/>
    </file>
  </project>
</coverage>
