<?xml version="1.0" encoding="UTF-8"?>
<coverage generated="1701334115320" clover="3.2.0">
  <project timestamp="1701334115320" name="All files">
    <metrics statements="28" coveredstatements="28" conditionals="13" coveredconditionals="13" methods="13" coveredmethods="13" elements="54" coveredelements="54" complexity="0" loc="28" ncloc="28" packages="1" files="3" classes="3"/>
    <file name="Choices.js" path="C:\Users\tnjma\1dv609\Rock_paper_scissors\src\Choices.js">
      <metrics statements="9" coveredstatements="9" conditionals="6" coveredconditionals="6" methods="2" coveredmethods="2"/>
      <line num="4" count="12" type="stmt"/>
      <line num="8" count="9" type="cond" truecount="2" falsecount="0"/>
      <line num="9" count="3" type="stmt"/>
      <line num="11" count="6" type="stmt"/>
      <line num="16" count="6" type="cond" truecount="2" falsecount="0"/>
      <line num="17" count="3" type="stmt"/>
      <line num="18" count="3" type="cond" truecount="2" falsecount="0"/>
      <line num="19" count="2" type="stmt"/>
      <line num="21" count="1" type="stmt"/>
    </file>
    <file name="Player.js" path="C:\Users\tnjma\1dv609\Rock_paper_scissors\src\Player.js">
      <metrics statements="3" coveredstatements="3" conditionals="0" coveredconditionals="0" methods="2" coveredmethods="2"/>
      <line num="4" count="4" type="stmt"/>
      <line num="5" count="4" type="stmt"/>
      <line num="9" count="2" type="stmt"/>
    </file>
    <file name="Ui.js" path="C:\Users\tnjma\1dv609\Rock_paper_scissors\src\Ui.js">
      <metrics statements="16" coveredstatements="16" conditionals="7" coveredconditionals="7" methods="9" coveredmethods="9"/>
      <line num="5" count="4" type="stmt"/>
      <line num="10" count="4" type="stmt"/>
      <line num="11" count="4" type="stmt"/>
      <line num="12" count="4" type="stmt"/>
      <line num="13" count="4" type="stmt"/>
      <line num="19" count="2" type="stmt"/>
      <line num="20" count="2" type="cond" truecount="2" falsecount="0"/>
      <line num="21" count="1" type="stmt"/>
      <line num="23" count="1" type="stmt"/>
      <line num="28" count="1" type="stmt"/>
      <line num="32" count="1" type="stmt"/>
      <line num="33" count="1" type="stmt"/>
      <line num="34" count="1" type="stmt"/>
      <line num="38" count="2" type="cond" truecount="5" falsecount="0"/>
      <line num="39" count="1" type="stmt"/>
      <line num="44" count="1" type="stmt"/>
    </file>
  </project>
</coverage>
