{"C:\\Users\\tease\\OneDrive\\Dokument\\Svenskt Universitet\\Linneaus University\\1DV609 - Testing\\TDD-A1pt2\\Rock_paper_scissors\\src\\Choices.js": {"path":"C:\\Users\\tease\\OneDrive\\Dokument\\Svenskt Universitet\\Linneaus University\\1DV609 - Testing\\TDD-A1pt2\\Rock_paper_scissors\\src\\Choices.js","statementMap":{"0":{"start":{"line":4,"column":4},"end":{"line":4,"column":58}},"1":{"start":{"line":8,"column":4},"end":{"line":10,"column":5}},"2":{"start":{"line":9,"column":6},"end":{"line":9,"column":19}},"3":{"start":{"line":11,"column":23},"end":{"line":15,"column":5}},"4":{"start":{"line":16,"column":4},"end":{"line":22,"column":5}},"5":{"start":{"line":17,"column":6},"end":{"line":17,"column":25}},"6":{"start":{"line":18,"column":11},"end":{"line":22,"column":5}},"7":{"start":{"line":19,"column":6},"end":{"line":19,"column":26}},"8":{"start":{"line":21,"column":6},"end":{"line":21,"column":40}}},"fnMap":{"0":{"name":"(anonymous_0)","decl":{"start":{"line":3,"column":2},"end":{"line":3,"column":3}},"loc":{"start":{"line":3,"column":16},"end":{"line":5,"column":3}},"line":3},"1":{"name":"(anonymous_1)","decl":{"start":{"line":7,"column":2},"end":{"line":7,"column":3}},"loc":{"start":{"line":7,"column":45},"end":{"line":23,"column":3}},"line":7}},"branchMap":{"0":{"loc":{"start":{"line":8,"column":4},"end":{"line":10,"column":5}},"type":"if","locations":[{"start":{"line":8,"column":4},"end":{"line":10,"column":5}},{"start":{},"end":{}}],"line":8},"1":{"loc":{"start":{"line":16,"column":4},"end":{"line":22,"column":5}},"type":"if","locations":[{"start":{"line":16,"column":4},"end":{"line":22,"column":5}},{"start":{"line":18,"column":11},"end":{"line":22,"column":5}}],"line":16},"2":{"loc":{"start":{"line":18,"column":11},"end":{"line":22,"column":5}},"type":"if","locations":[{"start":{"line":18,"column":11},"end":{"line":22,"column":5}},{"start":{"line":20,"column":11},"end":{"line":22,"column":5}}],"line":18}},"s":{"0":12,"1":9,"2":3,"3":6,"4":6,"5":3,"6":3,"7":2,"8":1},"f":{"0":12,"1":9},"b":{"0":[3,6],"1":[3,3],"2":[2,1]},"_coverageSchema":"1a1c01bbd47fc00a2c39e90264f33305004495a9","hash":"39adf90bff81adcda6a98060b1438b3ae31fc557"}
,"C:\\Users\\tease\\OneDrive\\Dokument\\Svenskt Universitet\\Linneaus University\\1DV609 - Testing\\TDD-A1pt2\\Rock_paper_scissors\\src\\Game.js": {"path":"C:\\Users\\tease\\OneDrive\\Dokument\\Svenskt Universitet\\Linneaus University\\1DV609 - Testing\\TDD-A1pt2\\Rock_paper_scissors\\src\\Game.js","statementMap":{"0":{"start":{"line":7,"column":12},"end":{"line":7,"column":14}},"1":{"start":{"line":12,"column":15},"end":{"line":12,"column":23}},"2":{"start":{"line":13,"column":4},"end":{"line":19,"column":5}},"3":{"start":{"line":14,"column":6},"end":{"line":14,"column":33}},"4":{"start":{"line":15,"column":22},"end":{"line":15,"column":44}},"5":{"start":{"line":16,"column":6},"end":{"line":16,"column":31}},"6":{"start":{"line":18,"column":6},"end":{"line":18,"column":35}},"7":{"start":{"line":23,"column":15},"end":{"line":23,"column":23}},"8":{"start":{"line":24,"column":4},"end":{"line":38,"column":5}},"9":{"start":{"line":25,"column":6},"end":{"line":25,"column":23}},"10":{"start":{"line":27,"column":6},"end":{"line":27,"column":31}},"11":{"start":{"line":28,"column":6},"end":{"line":28,"column":34}},"12":{"start":{"line":29,"column":6},"end":{"line":37,"column":7}},"13":{"start":{"line":30,"column":28},"end":{"line":30,"column":50}},"14":{"start":{"line":31,"column":8},"end":{"line":31,"column":41}},"15":{"start":{"line":32,"column":8},"end":{"line":32,"column":33}},"16":{"start":{"line":33,"column":29},"end":{"line":33,"column":51}},"17":{"start":{"line":34,"column":8},"end":{"line":34,"column":39}},"18":{"start":{"line":36,"column":8},"end":{"line":36,"column":37}},"19":{"start":{"line":42,"column":4},"end":{"line":42,"column":50}},"20":{"start":{"line":46,"column":4},"end":{"line":46,"column":53}},"21":{"start":{"line":50,"column":4},"end":{"line":50,"column":38}},"22":{"start":{"line":54,"column":20},"end":{"line":54,"column":49}},"23":{"start":{"line":55,"column":25},"end":{"line":55,"column":67}},"24":{"start":{"line":56,"column":4},"end":{"line":56,"column":53}},"25":{"start":{"line":60,"column":20},"end":{"line":60,"column":33}},"26":{"start":{"line":61,"column":26},"end":{"line":61,"column":97}},"27":{"start":{"line":62,"column":4},"end":{"line":62,"column":123}},"28":{"start":{"line":63,"column":4},"end":{"line":69,"column":5}},"29":{"start":{"line":64,"column":6},"end":{"line":64,"column":34}},"30":{"start":{"line":65,"column":11},"end":{"line":69,"column":5}},"31":{"start":{"line":66,"column":6},"end":{"line":66,"column":34}},"32":{"start":{"line":68,"column":6},"end":{"line":68,"column":19}}},"fnMap":{"0":{"name":"(anonymous_0)","decl":{"start":{"line":9,"column":2},"end":{"line":9,"column":3}},"loc":{"start":{"line":9,"column":16},"end":{"line":10,"column":3}},"line":9},"1":{"name":"(anonymous_1)","decl":{"start":{"line":11,"column":2},"end":{"line":11,"column":3}},"loc":{"start":{"line":11,"column":16},"end":{"line":20,"column":3}},"line":11},"2":{"name":"(anonymous_2)","decl":{"start":{"line":22,"column":2},"end":{"line":22,"column":3}},"loc":{"start":{"line":22,"column":22},"end":{"line":39,"column":3}},"line":22},"3":{"name":"(anonymous_3)","decl":{"start":{"line":41,"column":2},"end":{"line":41,"column":3}},"loc":{"start":{"line":41,"column":22},"end":{"line":43,"column":3}},"line":41},"4":{"name":"(anonymous_4)","decl":{"start":{"line":45,"column":2},"end":{"line":45,"column":3}},"loc":{"start":{"line":45,"column":25},"end":{"line":47,"column":3}},"line":45},"5":{"name":"(anonymous_5)","decl":{"start":{"line":49,"column":2},"end":{"line":49,"column":3}},"loc":{"start":{"line":49,"column":25},"end":{"line":51,"column":3}},"line":49},"6":{"name":"(anonymous_6)","decl":{"start":{"line":53,"column":2},"end":{"line":53,"column":3}},"loc":{"start":{"line":53,"column":22},"end":{"line":57,"column":3}},"line":53},"7":{"name":"(anonymous_7)","decl":{"start":{"line":59,"column":2},"end":{"line":59,"column":3}},"loc":{"start":{"line":59,"column":20},"end":{"line":70,"column":3}},"line":59}},"branchMap":{"0":{"loc":{"start":{"line":24,"column":4},"end":{"line":38,"column":5}},"type":"if","locations":[{"start":{"line":24,"column":4},"end":{"line":38,"column":5}},{"start":{"line":26,"column":11},"end":{"line":38,"column":5}}],"line":24},"1":{"loc":{"start":{"line":63,"column":4},"end":{"line":69,"column":5}},"type":"if","locations":[{"start":{"line":63,"column":4},"end":{"line":69,"column":5}},{"start":{"line":65,"column":11},"end":{"line":69,"column":5}}],"line":63},"2":{"loc":{"start":{"line":65,"column":11},"end":{"line":69,"column":5}},"type":"if","locations":[{"start":{"line":65,"column":11},"end":{"line":69,"column":5}},{"start":{"line":67,"column":11},"end":{"line":69,"column":5}}],"line":65}},"s":{"0":22,"1":3,"2":3,"3":3,"4":2,"5":2,"6":1,"7":4,"8":4,"9":1,"10":3,"11":3,"12":3,"13":3,"14":2,"15":2,"16":2,"17":2,"18":1,"19":17,"20":16,"21":3,"22":3,"23":3,"24":3,"25":11,"26":11,"27":11,"28":11,"29":4,"30":7,"31":3,"32":4},"f":{"0":22,"1":3,"2":4,"3":17,"4":16,"5":3,"6":3,"7":11},"b":{"0":[1,3],"1":[4,7],"2":[3,4]},"_coverageSchema":"1a1c01bbd47fc00a2c39e90264f33305004495a9","hash":"de9cd2d0b85e90a9b95f77b2b62e08ca713c2937"}
,"C:\\Users\\tease\\OneDrive\\Dokument\\Svenskt Universitet\\Linneaus University\\1DV609 - Testing\\TDD-A1pt2\\Rock_paper_scissors\\src\\Player.js": {"path":"C:\\Users\\tease\\OneDrive\\Dokument\\Svenskt Universitet\\Linneaus University\\1DV609 - Testing\\TDD-A1pt2\\Rock_paper_scissors\\src\\Player.js","statementMap":{"0":{"start":{"line":4,"column":4},"end":{"line":4,"column":21}},"1":{"start":{"line":5,"column":4},"end":{"line":5,"column":23}},"2":{"start":{"line":9,"column":4},"end":{"line":9,"column":25}}},"fnMap":{"0":{"name":"(anonymous_0)","decl":{"start":{"line":3,"column":2},"end":{"line":3,"column":3}},"loc":{"start":{"line":3,"column":20},"end":{"line":6,"column":3}},"line":3},"1":{"name":"(anonymous_1)","decl":{"start":{"line":8,"column":2},"end":{"line":8,"column":3}},"loc":{"start":{"line":8,"column":20},"end":{"line":10,"column":3}},"line":8}},"branchMap":{},"s":{"0":37,"1":37,"2":26},"f":{"0":37,"1":26},"b":{},"_coverageSchema":"1a1c01bbd47fc00a2c39e90264f33305004495a9","hash":"029f414895d554a2eae059bfacd9ac50513544df"}
,"C:\\Users\\tease\\OneDrive\\Dokument\\Svenskt Universitet\\Linneaus University\\1DV609 - Testing\\TDD-A1pt2\\Rock_paper_scissors\\src\\Ui.js": {"path":"C:\\Users\\tease\\OneDrive\\Dokument\\Svenskt Universitet\\Linneaus University\\1DV609 - Testing\\TDD-A1pt2\\Rock_paper_scissors\\src\\Ui.js","statementMap":{"0":{"start":{"line":5,"column":15},"end":{"line":8,"column":6}},"1":{"start":{"line":10,"column":4},"end":{"line":15,"column":7}},"2":{"start":{"line":11,"column":6},"end":{"line":14,"column":9}},"3":{"start":{"line":12,"column":8},"end":{"line":12,"column":19}},"4":{"start":{"line":13,"column":8},"end":{"line":13,"column":23}},"5":{"start":{"line":19,"column":4},"end":{"line":24,"column":6}},"6":{"start":{"line":20,"column":6},"end":{"line":22,"column":7}},"7":{"start":{"line":21,"column":8},"end":{"line":21,"column":43}},"8":{"start":{"line":23,"column":6},"end":{"line":23,"column":35}},"9":{"start":{"line":28,"column":4},"end":{"line":28,"column":49}},"10":{"start":{"line":32,"column":19},"end":{"line":32,"column":157}},"11":{"start":{"line":33,"column":4},"end":{"line":33,"column":41}},"12":{"start":{"line":34,"column":4},"end":{"line":34,"column":24}},"13":{"start":{"line":35,"column":4},"end":{"line":35,"column":18}},"14":{"start":{"line":40,"column":4},"end":{"line":42,"column":5}},"15":{"start":{"line":41,"column":6},"end":{"line":41,"column":60}},"16":{"start":{"line":46,"column":4},"end":{"line":46,"column":32}},"17":{"start":{"line":50,"column":4},"end":{"line":50,"column":47}},"18":{"start":{"line":51,"column":4},"end":{"line":53,"column":6}},"19":{"start":{"line":52,"column":6},"end":{"line":52,"column":35}},"20":{"start":{"line":57,"column":4},"end":{"line":63,"column":5}},"21":{"start":{"line":58,"column":5},"end":{"line":58,"column":17}},"22":{"start":{"line":59,"column":11},"end":{"line":63,"column":5}},"23":{"start":{"line":60,"column":5},"end":{"line":60,"column":18}},"24":{"start":{"line":62,"column":5},"end":{"line":62,"column":59}},"25":{"start":{"line":67,"column":4},"end":{"line":67,"column":29}}},"fnMap":{"0":{"name":"(anonymous_0)","decl":{"start":{"line":4,"column":2},"end":{"line":4,"column":3}},"loc":{"start":{"line":4,"column":34},"end":{"line":16,"column":3}},"line":4},"1":{"name":"(anonymous_1)","decl":{"start":{"line":10,"column":23},"end":{"line":10,"column":24}},"loc":{"start":{"line":10,"column":36},"end":{"line":15,"column":5}},"line":10},"2":{"name":"(anonymous_2)","decl":{"start":{"line":11,"column":26},"end":{"line":11,"column":27}},"loc":{"start":{"line":11,"column":37},"end":{"line":14,"column":7}},"line":11},"3":{"name":"(anonymous_3)","decl":{"start":{"line":18,"column":2},"end":{"line":18,"column":3}},"loc":{"start":{"line":18,"column":20},"end":{"line":25,"column":3}},"line":18},"4":{"name":"(anonymous_4)","decl":{"start":{"line":19,"column":73},"end":{"line":19,"column":74}},"loc":{"start":{"line":19,"column":81},"end":{"line":24,"column":5}},"line":19},"5":{"name":"(anonymous_5)","decl":{"start":{"line":27,"column":2},"end":{"line":27,"column":3}},"loc":{"start":{"line":27,"column":32},"end":{"line":29,"column":3}},"line":27},"6":{"name":"(anonymous_6)","decl":{"start":{"line":31,"column":2},"end":{"line":31,"column":3}},"loc":{"start":{"line":31,"column":22},"end":{"line":37,"column":3}},"line":31},"7":{"name":"(anonymous_7)","decl":{"start":{"line":39,"column":2},"end":{"line":39,"column":3}},"loc":{"start":{"line":39,"column":34},"end":{"line":43,"column":3}},"line":39},"8":{"name":"(anonymous_8)","decl":{"start":{"line":45,"column":2},"end":{"line":45,"column":3}},"loc":{"start":{"line":45,"column":22},"end":{"line":47,"column":3}},"line":45},"9":{"name":"(anonymous_9)","decl":{"start":{"line":49,"column":2},"end":{"line":49,"column":3}},"loc":{"start":{"line":49,"column":16},"end":{"line":54,"column":3}},"line":49},"10":{"name":"(anonymous_10)","decl":{"start":{"line":51,"column":56},"end":{"line":51,"column":57}},"loc":{"start":{"line":51,"column":65},"end":{"line":53,"column":5}},"line":51},"11":{"name":"(anonymous_11)","decl":{"start":{"line":56,"column":2},"end":{"line":56,"column":3}},"loc":{"start":{"line":56,"column":19},"end":{"line":64,"column":3}},"line":56},"12":{"name":"(anonymous_12)","decl":{"start":{"line":66,"column":2},"end":{"line":66,"column":3}},"loc":{"start":{"line":66,"column":16},"end":{"line":68,"column":3}},"line":66}},"branchMap":{"0":{"loc":{"start":{"line":20,"column":6},"end":{"line":22,"column":7}},"type":"if","locations":[{"start":{"line":20,"column":6},"end":{"line":22,"column":7}},{"start":{},"end":{}}],"line":20},"1":{"loc":{"start":{"line":40,"column":4},"end":{"line":42,"column":5}},"type":"if","locations":[{"start":{"line":40,"column":4},"end":{"line":42,"column":5}},{"start":{},"end":{}}],"line":40},"2":{"loc":{"start":{"line":40,"column":8},"end":{"line":40,"column":72}},"type":"binary-expr","locations":[{"start":{"line":40,"column":8},"end":{"line":40,"column":25}},{"start":{"line":40,"column":29},"end":{"line":40,"column":47}},{"start":{"line":40,"column":51},"end":{"line":40,"column":72}}],"line":40},"3":{"loc":{"start":{"line":57,"column":4},"end":{"line":63,"column":5}},"type":"if","locations":[{"start":{"line":57,"column":4},"end":{"line":63,"column":5}},{"start":{"line":59,"column":11},"end":{"line":63,"column":5}}],"line":57},"4":{"loc":{"start":{"line":59,"column":11},"end":{"line":63,"column":5}},"type":"if","locations":[{"start":{"line":59,"column":11},"end":{"line":63,"column":5}},{"start":{"line":61,"column":11},"end":{"line":63,"column":5}}],"line":59}},"s":{"0":6,"1":6,"2":6,"3":6,"4":6,"5":3,"6":3,"7":1,"8":2,"9":1,"10":1,"11":1,"12":1,"13":1,"14":2,"15":1,"16":1,"17":1,"18":1,"19":1,"20":5,"21":2,"22":3,"23":1,"24":2,"25":1},"f":{"0":6,"1":6,"2":6,"3":3,"4":3,"5":1,"6":1,"7":2,"8":1,"9":1,"10":1,"11":5,"12":1},"b":{"0":[1,2],"1":[1,1],"2":[2,1,1],"3":[2,3],"4":[1,2]},"_coverageSchema":"1a1c01bbd47fc00a2c39e90264f33305004495a9","hash":"a08d980c6ca4b674ef2a6aded884cfa38676ac6f"}
,"C:\\Users\\tease\\OneDrive\\Dokument\\Svenskt Universitet\\Linneaus University\\1DV609 - Testing\\TDD-A1pt2\\Rock_paper_scissors\\src\\index.js": {"path":"C:\\Users\\tease\\OneDrive\\Dokument\\Svenskt Universitet\\Linneaus University\\1DV609 - Testing\\TDD-A1pt2\\Rock_paper_scissors\\src\\index.js","statementMap":{"0":{"start":{"line":3,"column":16},"end":{"line":3,"column":26}},"1":{"start":{"line":4,"column":0},"end":{"line":4,"column":16}}},"fnMap":{},"branchMap":{},"s":{"0":1,"1":1},"f":{},"b":{},"_coverageSchema":"1a1c01bbd47fc00a2c39e90264f33305004495a9","hash":"965ebb1c52b161f894af624907891c7c726e3d59"}
}
