{"C:\\Users\\tnjma\\1dv609\\Rock_paper_scissors\\src\\Choices.js": {"path":"C:\\Users\\tnjma\\1dv609\\Rock_paper_scissors\\src\\Choices.js","statementMap":{"0":{"start":{"line":4,"column":4},"end":{"line":4,"column":58}},"1":{"start":{"line":8,"column":4},"end":{"line":10,"column":5}},"2":{"start":{"line":9,"column":6},"end":{"line":9,"column":19}},"3":{"start":{"line":11,"column":23},"end":{"line":15,"column":5}},"4":{"start":{"line":16,"column":4},"end":{"line":22,"column":5}},"5":{"start":{"line":17,"column":6},"end":{"line":17,"column":25}},"6":{"start":{"line":18,"column":11},"end":{"line":22,"column":5}},"7":{"start":{"line":19,"column":6},"end":{"line":19,"column":26}},"8":{"start":{"line":21,"column":6},"end":{"line":21,"column":40}}},"fnMap":{"0":{"name":"(anonymous_0)","decl":{"start":{"line":3,"column":2},"end":{"line":3,"column":3}},"loc":{"start":{"line":3,"column":16},"end":{"line":5,"column":3}},"line":3},"1":{"name":"(anonymous_1)","decl":{"start":{"line":7,"column":2},"end":{"line":7,"column":3}},"loc":{"start":{"line":7,"column":45},"end":{"line":23,"column":3}},"line":7}},"branchMap":{"0":{"loc":{"start":{"line":8,"column":4},"end":{"line":10,"column":5}},"type":"if","locations":[{"start":{"line":8,"column":4},"end":{"line":10,"column":5}},{"start":{},"end":{}}],"line":8},"1":{"loc":{"start":{"line":16,"column":4},"end":{"line":22,"column":5}},"type":"if","locations":[{"start":{"line":16,"column":4},"end":{"line":22,"column":5}},{"start":{"line":18,"column":11},"end":{"line":22,"column":5}}],"line":16},"2":{"loc":{"start":{"line":18,"column":11},"end":{"line":22,"column":5}},"type":"if","locations":[{"start":{"line":18,"column":11},"end":{"line":22,"column":5}},{"start":{"line":20,"column":11},"end":{"line":22,"column":5}}],"line":18}},"s":{"0":12,"1":9,"2":3,"3":6,"4":6,"5":3,"6":3,"7":2,"8":1},"f":{"0":12,"1":9},"b":{"0":[3,6],"1":[3,3],"2":[2,1]},"_coverageSchema":"1a1c01bbd47fc00a2c39e90264f33305004495a9","hash":"a8c68550f38d611a47e9cc6a932b1d578f516010"}
,"C:\\Users\\tnjma\\1dv609\\Rock_paper_scissors\\src\\Player.js": {"path":"C:\\Users\\tnjma\\1dv609\\Rock_paper_scissors\\src\\Player.js","statementMap":{"0":{"start":{"line":4,"column":4},"end":{"line":4,"column":21}},"1":{"start":{"line":5,"column":4},"end":{"line":5,"column":23}},"2":{"start":{"line":9,"column":4},"end":{"line":9,"column":25}}},"fnMap":{"0":{"name":"(anonymous_0)","decl":{"start":{"line":3,"column":2},"end":{"line":3,"column":3}},"loc":{"start":{"line":3,"column":20},"end":{"line":6,"column":3}},"line":3},"1":{"name":"(anonymous_1)","decl":{"start":{"line":8,"column":2},"end":{"line":8,"column":3}},"loc":{"start":{"line":8,"column":20},"end":{"line":10,"column":3}},"line":8}},"branchMap":{},"s":{"0":4,"1":4,"2":2},"f":{"0":4,"1":2},"b":{},"_coverageSchema":"1a1c01bbd47fc00a2c39e90264f33305004495a9","hash":"7d676429b76dec667372dde562437d6045f14ae6"}
,"C:\\Users\\tnjma\\1dv609\\Rock_paper_scissors\\src\\Ui.js": {"path":"C:\\Users\\tnjma\\1dv609\\Rock_paper_scissors\\src\\Ui.js","statementMap":{"0":{"start":{"line":5,"column":15},"end":{"line":8,"column":6}},"1":{"start":{"line":10,"column":4},"end":{"line":15,"column":7}},"2":{"start":{"line":11,"column":6},"end":{"line":14,"column":9}},"3":{"start":{"line":12,"column":8},"end":{"line":12,"column":19}},"4":{"start":{"line":13,"column":8},"end":{"line":13,"column":23}},"5":{"start":{"line":19,"column":4},"end":{"line":24,"column":6}},"6":{"start":{"line":20,"column":6},"end":{"line":22,"column":7}},"7":{"start":{"line":21,"column":8},"end":{"line":21,"column":43}},"8":{"start":{"line":23,"column":6},"end":{"line":23,"column":35}},"9":{"start":{"line":28,"column":4},"end":{"line":28,"column":49}},"10":{"start":{"line":32,"column":19},"end":{"line":32,"column":83}},"11":{"start":{"line":33,"column":4},"end":{"line":33,"column":41}},"12":{"start":{"line":34,"column":4},"end":{"line":34,"column":24}},"13":{"start":{"line":38,"column":4},"end":{"line":40,"column":5}},"14":{"start":{"line":39,"column":6},"end":{"line":39,"column":60}},"15":{"start":{"line":44,"column":4},"end":{"line":44,"column":32}},"16":{"start":{"line":48,"column":4},"end":{"line":48,"column":47}},"17":{"start":{"line":52,"column":4},"end":{"line":58,"column":5}},"18":{"start":{"line":53,"column":5},"end":{"line":53,"column":17}},"19":{"start":{"line":54,"column":11},"end":{"line":58,"column":5}},"20":{"start":{"line":55,"column":5},"end":{"line":55,"column":18}},"21":{"start":{"line":57,"column":5},"end":{"line":57,"column":59}}},"fnMap":{"0":{"name":"(anonymous_0)","decl":{"start":{"line":4,"column":2},"end":{"line":4,"column":3}},"loc":{"start":{"line":4,"column":34},"end":{"line":16,"column":3}},"line":4},"1":{"name":"(anonymous_1)","decl":{"start":{"line":10,"column":23},"end":{"line":10,"column":24}},"loc":{"start":{"line":10,"column":36},"end":{"line":15,"column":5}},"line":10},"2":{"name":"(anonymous_2)","decl":{"start":{"line":11,"column":26},"end":{"line":11,"column":27}},"loc":{"start":{"line":11,"column":37},"end":{"line":14,"column":7}},"line":11},"3":{"name":"(anonymous_3)","decl":{"start":{"line":18,"column":2},"end":{"line":18,"column":3}},"loc":{"start":{"line":18,"column":20},"end":{"line":25,"column":3}},"line":18},"4":{"name":"(anonymous_4)","decl":{"start":{"line":19,"column":73},"end":{"line":19,"column":74}},"loc":{"start":{"line":19,"column":81},"end":{"line":24,"column":5}},"line":19},"5":{"name":"(anonymous_5)","decl":{"start":{"line":27,"column":2},"end":{"line":27,"column":3}},"loc":{"start":{"line":27,"column":32},"end":{"line":29,"column":3}},"line":27},"6":{"name":"(anonymous_6)","decl":{"start":{"line":31,"column":2},"end":{"line":31,"column":3}},"loc":{"start":{"line":31,"column":22},"end":{"line":35,"column":3}},"line":31},"7":{"name":"(anonymous_7)","decl":{"start":{"line":37,"column":2},"end":{"line":37,"column":3}},"loc":{"start":{"line":37,"column":34},"end":{"line":41,"column":3}},"line":37},"8":{"name":"(anonymous_8)","decl":{"start":{"line":43,"column":2},"end":{"line":43,"column":3}},"loc":{"start":{"line":43,"column":22},"end":{"line":45,"column":3}},"line":43},"9":{"name":"(anonymous_9)","decl":{"start":{"line":47,"column":2},"end":{"line":47,"column":3}},"loc":{"start":{"line":47,"column":16},"end":{"line":49,"column":3}},"line":47},"10":{"name":"(anonymous_10)","decl":{"start":{"line":51,"column":2},"end":{"line":51,"column":3}},"loc":{"start":{"line":51,"column":19},"end":{"line":59,"column":3}},"line":51}},"branchMap":{"0":{"loc":{"start":{"line":20,"column":6},"end":{"line":22,"column":7}},"type":"if","locations":[{"start":{"line":20,"column":6},"end":{"line":22,"column":7}},{"start":{},"end":{}}],"line":20},"1":{"loc":{"start":{"line":38,"column":4},"end":{"line":40,"column":5}},"type":"if","locations":[{"start":{"line":38,"column":4},"end":{"line":40,"column":5}},{"start":{},"end":{}}],"line":38},"2":{"loc":{"start":{"line":38,"column":8},"end":{"line":38,"column":58}},"type":"binary-expr","locations":[{"start":{"line":38,"column":8},"end":{"line":38,"column":22}},{"start":{"line":38,"column":26},"end":{"line":38,"column":40}},{"start":{"line":38,"column":44},"end":{"line":38,"column":58}}],"line":38},"3":{"loc":{"start":{"line":52,"column":4},"end":{"line":58,"column":5}},"type":"if","locations":[{"start":{"line":52,"column":4},"end":{"line":58,"column":5}},{"start":{"line":54,"column":11},"end":{"line":58,"column":5}}],"line":52},"4":{"loc":{"start":{"line":54,"column":11},"end":{"line":58,"column":5}},"type":"if","locations":[{"start":{"line":54,"column":11},"end":{"line":58,"column":5}},{"start":{"line":56,"column":11},"end":{"line":58,"column":5}}],"line":54}},"s":{"0":5,"1":5,"2":5,"3":5,"4":5,"5":3,"6":3,"7":1,"8":2,"9":1,"10":1,"11":1,"12":1,"13":2,"14":1,"15":1,"16":1,"17":4,"18":1,"19":3,"20":1,"21":2},"f":{"0":5,"1":5,"2":5,"3":3,"4":3,"5":1,"6":1,"7":2,"8":1,"9":1,"10":4},"b":{"0":[1,2],"1":[1,1],"2":[2,1,1],"3":[1,3],"4":[1,2]},"_coverageSchema":"1a1c01bbd47fc00a2c39e90264f33305004495a9","hash":"46784f04d5f0c5222f83f44ef7c93db6f6995291"}
}
