TN:
SF:src\Choices.js
FN:3,(anonymous_0)
FN:7,(anonymous_1)
FNF:2
FNH:2
FNDA:12,(anonymous_0)
FNDA:9,(anonymous_1)
DA:4,12
DA:8,9
DA:9,3
DA:11,6
DA:16,6
DA:17,3
DA:18,3
DA:19,2
DA:21,1
LF:9
LH:9
BRDA:8,0,0,3
BRDA:8,0,1,6
BRDA:16,1,0,3
BRDA:16,1,1,3
BRDA:18,2,0,2
BRDA:18,2,1,1
BRF:6
BRH:6
end_of_record
TN:
SF:src\Game.js
FN:7,(anonymous_0)
FN:10,(anonymous_1)
FN:16,(anonymous_2)
FN:20,(anonymous_3)
FNF:4
FNH:4
FNDA:6,(anonymous_0)
FNDA:2,(anonymous_1)
FNDA:2,(anonymous_2)
FNDA:2,(anonymous_3)
DA:5,6
DA:11,2
DA:12,2
DA:13,2
DA:17,2
DA:21,2
LF:6
LH:6
BRF:0
BRH:0
end_of_record
TN:
SF:src\Player.js
FN:3,(anonymous_0)
FN:8,(anonymous_1)
FNF:2
FNH:2
FNDA:8,(anonymous_0)
FNDA:2,(anonymous_1)
DA:4,8
DA:5,8
DA:9,2
LF:3
LH:3
BRF:0
BRH:0
end_of_record
TN:
SF:src\Ui.js
FN:4,(anonymous_0)
FN:10,(anonymous_1)
FN:11,(anonymous_2)
FN:18,(anonymous_3)
FN:19,(anonymous_4)
FN:27,(anonymous_5)
FN:31,(anonymous_6)
FN:37,(anonymous_7)
FN:43,(anonymous_8)
FN:47,(anonymous_9)
FN:49,(anonymous_10)
FN:54,(anonymous_11)
FNF:12
FNH:12
FNDA:6,(anonymous_0)
FNDA:6,(anonymous_1)
FNDA:6,(anonymous_2)
FNDA:3,(anonymous_3)
FNDA:3,(anonymous_4)
FNDA:1,(anonymous_5)
FNDA:1,(anonymous_6)
FNDA:2,(anonymous_7)
FNDA:1,(anonymous_8)
FNDA:1,(anonymous_9)
FNDA:1,(anonymous_10)
FNDA:5,(anonymous_11)
DA:5,6
DA:10,6
DA:11,6
DA:12,6
DA:13,6
DA:19,3
DA:20,3
DA:21,1
DA:23,2
DA:28,1
DA:32,1
DA:33,1
DA:34,1
DA:38,2
DA:39,1
DA:44,1
DA:48,1
DA:49,1
DA:50,1
DA:55,5
DA:56,2
DA:57,3
DA:58,1
DA:60,2
LF:24
LH:24
BRDA:20,0,0,1
BRDA:20,0,1,2
BRDA:38,1,0,1
BRDA:38,1,1,1
BRDA:38,2,0,2
BRDA:38,2,1,1
BRDA:38,2,2,1
BRDA:55,3,0,2
BRDA:55,3,1,3
BRDA:57,4,0,1
BRDA:57,4,1,2
BRF:11
BRH:11
end_of_record
