TN:
SF:src\Choices.js
FN:3,(anonymous_0)
FN:7,(anonymous_1)
FNF:2
FNH:2
FNDA:12,(anonymous_0)
FNDA:9,(anonymous_1)
DA:4,12
DA:8,9
DA:9,3
DA:11,6
DA:16,6
DA:17,3
DA:18,3
DA:19,2
DA:21,1
LF:9
LH:9
BRDA:8,0,0,3
BRDA:8,0,1,6
BRDA:16,1,0,3
BRDA:16,1,1,3
BRDA:18,2,0,2
BRDA:18,2,1,1
BRF:6
BRH:6
end_of_record
TN:
SF:src\Game.js
FN:9,(anonymous_0)
FN:11,(anonymous_1)
FN:23,(anonymous_2)
FN:51,(anonymous_3)
FN:55,(anonymous_4)
FN:75,(anonymous_5)
FN:79,(anonymous_6)
FN:85,(anonymous_7)
FNF:8
FNH:8
FNDA:20,(anonymous_0)
FNDA:2,(anonymous_1)
FNDA:3,(anonymous_2)
FNDA:15,(anonymous_3)
FNDA:14,(anonymous_4)
FNDA:3,(anonymous_5)
FNDA:3,(anonymous_6)
FNDA:11,(anonymous_7)
DA:7,20
DA:12,2
DA:13,2
DA:14,2
DA:15,2
DA:16,2
DA:18,0
DA:24,3
DA:25,3
DA:26,1
DA:28,2
DA:29,2
DA:30,2
DA:31,2
DA:32,2
DA:33,2
DA:34,2
DA:35,2
DA:37,0
DA:52,15
DA:56,14
DA:76,3
DA:80,3
DA:81,3
DA:82,3
DA:86,11
DA:87,11
DA:88,11
DA:89,11
DA:90,5
DA:91,6
DA:92,3
DA:94,3
LF:33
LH:31
BRDA:25,0,0,1
BRDA:25,0,1,2
BRDA:89,1,0,5
BRDA:89,1,1,6
BRDA:91,2,0,3
BRDA:91,2,1,3
BRF:6
BRH:6
end_of_record
TN:
SF:src\Player.js
FN:3,(anonymous_0)
FN:8,(anonymous_1)
FNF:2
FNH:2
FNDA:33,(anonymous_0)
FNDA:26,(anonymous_1)
DA:4,33
DA:5,33
DA:9,26
LF:3
LH:3
BRF:0
BRH:0
end_of_record
TN:
SF:src\Ui.js
FN:4,(anonymous_0)
FN:10,(anonymous_1)
FN:11,(anonymous_2)
FN:18,(anonymous_3)
FN:19,(anonymous_4)
FN:27,(anonymous_5)
FN:31,(anonymous_6)
FN:39,(anonymous_7)
FN:45,(anonymous_8)
FN:49,(anonymous_9)
FN:51,(anonymous_10)
FN:56,(anonymous_11)
FN:66,(anonymous_12)
FNF:13
FNH:13
FNDA:6,(anonymous_0)
FNDA:6,(anonymous_1)
FNDA:6,(anonymous_2)
FNDA:3,(anonymous_3)
FNDA:3,(anonymous_4)
FNDA:1,(anonymous_5)
FNDA:1,(anonymous_6)
FNDA:2,(anonymous_7)
FNDA:1,(anonymous_8)
FNDA:1,(anonymous_9)
FNDA:1,(anonymous_10)
FNDA:5,(anonymous_11)
FNDA:1,(anonymous_12)
DA:5,6
DA:10,6
DA:11,6
DA:12,6
DA:13,6
DA:19,3
DA:20,3
DA:21,1
DA:23,2
DA:28,1
DA:32,1
DA:33,1
DA:34,1
DA:35,1
DA:40,2
DA:41,1
DA:46,1
DA:50,1
DA:51,1
DA:52,1
DA:57,5
DA:58,2
DA:59,3
DA:60,1
DA:62,2
DA:67,1
LF:26
LH:26
BRDA:20,0,0,1
BRDA:20,0,1,2
BRDA:40,1,0,1
BRDA:40,1,1,1
BRDA:40,2,0,2
BRDA:40,2,1,1
BRDA:40,2,2,1
BRDA:57,3,0,2
BRDA:57,3,1,3
BRDA:59,4,0,1
BRDA:59,4,1,2
BRF:11
BRH:11
end_of_record
TN:
SF:src\index.js
FNF:0
FNH:0
DA:3,1
DA:4,1
LF:2
LH:2
BRF:0
BRH:0
end_of_record
